2025-05-16 13:44:03,265 [INFO] Shortcut created at C:\Users\brile\OneDrive\Desktop\Wet Plant Reports.lnk
2025-05-16 13:47:47,969 [INFO] Shortcut created at C:\Users\brile\OneDrive\Desktop\Wet Plant Reports.lnk
2025-05-16 13:49:15,594 [INFO] Shortcut created at C:\Users\brile\OneDrive\Desktop\Wet Plant Reports.lnk
2025-05-16 14:02:57,359 [INFO] Shortcut created at C:\Users\brile\OneDrive\Desktop\Wet Plant Reports.lnk
2025-05-16 14:34:20,582 [INFO] Shortcut created at C:\Users\brile\OneDrive\Desktop\Wet Plant Reports.lnk
2025-05-16 14:38:02,851 [INFO] Shortcut created at C:\Users\brile\OneDrive\Desktop\Wet Plant Reports.lnk
2025-05-16 14:45:53,701 [INFO] Shortcut created at C:\Users\brile\OneDrive\Desktop\Wet Plant Reports.lnk
2025-05-16 14:46:58,056 [INFO] Shortcut created at C:\Users\brile\OneDrive\Desktop\Wet Plant Reports.lnk
2025-05-16 14:51:52,103 [INFO] Shortcut created at C:\Users\brile\OneDrive\Desktop\Wet Plant Reports.lnk
2025-05-16 14:53:07,940 [INFO] Shortcut created at C:\Users\brile\OneDrive\Desktop\Wet Plant Reports.lnk
2025-05-16 15:01:35,370 [INFO] Shortcut created at C:\Users\brile\OneDrive\Desktop\Wet Plant Reports.lnk
2025-05-16 15:05:38,870 [INFO] Shortcut created at C:\Users\brile\OneDrive\Desktop\Wet Plant Reports.lnk
2025-05-16 15:08:28,221 [INFO] Shortcut created at C:\Users\brile\OneDrive\Desktop\Wet Plant Reports.lnk
2025-05-16 15:17:34,858 [INFO] Shortcut created at C:\Users\brile\OneDrive\Desktop\Wet Plant Reports.lnk
2025-05-16 15:20:16,175 [INFO] Shortcut created at C:\Users\brile\OneDrive\Desktop\Wet Plant Reports.lnk
2025-05-16 15:23:00,063 [INFO] Shortcut created at C:\Users\brile\OneDrive\Desktop\Wet Plant Reports.lnk
2025-05-16 15:25:08,199 [INFO] Shortcut created at C:\Users\brile\OneDrive\Desktop\Wet Plant Reports.lnk
2025-05-16 15:39:28,324 [INFO] Shortcut created at C:\Users\brile\OneDrive\Desktop\Wet Plant Reports.lnk
2025-05-16 15:39:51,173 [INFO] Shortcut created at C:\Users\brile\OneDrive\Desktop\Wet Plant Reports.lnk
2025-05-16 16:03:13,242 [INFO] Shortcut created at C:\Users\brile\OneDrive\Desktop\Wet Plant Reports.lnk
2025-05-16 16:19:08,248 [INFO] Shortcut created at C:\Users\brile\OneDrive\Desktop\Wet Plant Reports.lnk
2025-05-16 16:41:49,453 [INFO] Shortcut created at C:\Users\brile\OneDrive\Desktop\Wet Plant Reports.lnk
2025-05-16 16:43:56,267 [INFO] Shortcut created at C:\Users\brile\OneDrive\Desktop\Wet Plant Reports.lnk
2025-05-16 16:45:41,993 [INFO] Shortcut created at C:\Users\brile\OneDrive\Desktop\Wet Plant Reports.lnk
2025-05-16 16:52:03,090 [INFO] Shortcut created at C:\Users\brile\OneDrive\Desktop\Wet Plant Reports.lnk
2025-05-16 16:53:48,481 [INFO] Shortcut created at C:\Users\brile\OneDrive\Desktop\Wet Plant Reports.lnk
2025-05-16 16:54:37,844 [INFO] Shortcut created at C:\Users\brile\OneDrive\Desktop\Wet Plant Reports.lnk
2025-05-16 16:58:09,040 [INFO] Shortcut created at C:\Users\brile\OneDrive\Desktop\Wet Plant Reports.lnk
2025-05-16 17:01:36,729 [INFO] Shortcut created at C:\Users\brile\OneDrive\Desktop\Wet Plant Reports.lnk
2025-05-16 17:02:51,698 [INFO] Shortcut created at C:\Users\brile\OneDrive\Desktop\Wet Plant Reports.lnk
2025-05-16 17:10:06,054 [INFO] Shortcut created at C:\Users\brile\OneDrive\Desktop\Wet Plant Reports.lnk
2025-05-16 17:11:15,512 [INFO] Shortcut created at C:\Users\brile\OneDrive\Desktop\Wet Plant Reports.lnk
2025-05-16 17:26:06,300 [INFO] Shortcut created at C:\Users\brile\OneDrive\Desktop\Wet Plant Reports.lnk
2025-05-16 17:30:14,793 [INFO] Shortcut created at C:\Users\brile\OneDrive\Desktop\Wet Plant Reports.lnk
2025-06-12 20:07:44,143 [INFO] Shortcut created at C:\Users\brile\OneDrive\Desktop\Wet Plant Reports.lnk
2025-06-12 20:15:23,633 [INFO] Shortcut created at C:\Users\brile\OneDrive\Desktop\Wet Plant Reports.lnk
2025-06-12 20:40:16,934 [INFO] Shortcut created at C:\Users\brile\OneDrive\Desktop\Wet Plant Reports.lnk
2025-06-12 20:47:33,331 [INFO] Shortcut created at C:\Users\brile\OneDrive\Desktop\Wet Plant Reports.lnk
2025-06-12 20:48:07,034 [INFO] Shortcut created at C:\Users\brile\OneDrive\Desktop\Wet Plant Reports.lnk
2025-06-12 21:04:10,176 [INFO] Shortcut created at C:\Users\brile\OneDrive\Desktop\Wet Plant Reports.lnk
2025-06-12 21:04:58,238 [INFO] Shortcut created at C:\Users\brile\OneDrive\Desktop\Wet Plant Reports.lnk
2025-06-12 21:05:56,203 [INFO] Shortcut created at C:\Users\brile\OneDrive\Desktop\Wet Plant Reports.lnk
2025-06-12 21:14:21,039 [INFO] Shortcut created at C:\Users\brile\OneDrive\Desktop\Wet Plant Reports.lnk
2025-06-12 22:10:11,320 [INFO] Shortcut created at C:\Users\brile\OneDrive\Desktop\Wet Plant Reports.lnk
2025-06-12 22:11:17,454 [INFO] Shortcut created at C:\Users\brile\OneDrive\Desktop\Wet Plant Reports.lnk
2025-06-12 22:13:23,632 [INFO] Shortcut created at C:\Users\brile\OneDrive\Desktop\Wet Plant Reports.lnk
2025-06-12 22:18:33,589 [INFO] Shortcut created at C:\Users\brile\OneDrive\Desktop\Wet Plant Reports.lnk
2025-06-12 22:19:44,864 [INFO] Shortcut created at C:\Users\brile\OneDrive\Desktop\Wet Plant Reports.lnk
2025-06-12 22:20:46,208 [INFO] Shortcut created at C:\Users\brile\OneDrive\Desktop\Wet Plant Reports.lnk
2025-06-13 00:05:16,809 [INFO] Shortcut created at C:\Users\brile\OneDrive\Desktop\Wet Plant Reports.lnk
2025-06-13 00:06:29,061 [INFO] Shortcut created at C:\Users\brile\OneDrive\Desktop\Wet Plant Reports.lnk
2025-06-13 00:48:24,826 [INFO] Shortcut created at C:\Users\brile\OneDrive\Desktop\Wet Plant Reports.lnk
2025-06-13 00:49:10,248 [INFO] Shortcut created at C:\Users\brile\OneDrive\Desktop\Wet Plant Reports.lnk
2025-06-13 00:50:10,402 [INFO] Shortcut created at C:\Users\brile\OneDrive\Desktop\Wet Plant Reports.lnk
2025-06-13 00:51:33,182 [INFO] Shortcut created at C:\Users\brile\OneDrive\Desktop\Wet Plant Reports.lnk
2025-06-13 00:53:08,021 [INFO] Shortcut created at C:\Users\brile\OneDrive\Desktop\Wet Plant Reports.lnk
2025-06-13 00:54:18,150 [INFO] Shortcut created at C:\Users\brile\OneDrive\Desktop\Wet Plant Reports.lnk
2025-06-13 00:55:20,918 [INFO] Shortcut created at C:\Users\brile\OneDrive\Desktop\Wet Plant Reports.lnk
2025-06-13 00:59:48,029 [INFO] Shortcut created at C:\Users\brile\OneDrive\Desktop\Wet Plant Reports.lnk
2025-06-13 01:05:56,573 [INFO] Shortcut created at C:\Users\brile\OneDrive\Desktop\Wet Plant Reports.lnk
2025-06-13 01:06:56,320 [INFO] Shortcut created at C:\Users\brile\OneDrive\Desktop\Wet Plant Reports.lnk
2025-06-13 01:08:28,927 [INFO] Shortcut created at C:\Users\brile\OneDrive\Desktop\Wet Plant Reports.lnk
2025-06-13 01:09:08,516 [INFO] Shortcut created at C:\Users\brile\OneDrive\Desktop\Wet Plant Reports.lnk
2025-06-13 01:11:25,095 [INFO] Shortcut created at C:\Users\brile\OneDrive\Desktop\Wet Plant Reports.lnk
2025-06-13 01:12:36,267 [INFO] Shortcut created at C:\Users\brile\OneDrive\Desktop\Wet Plant Reports.lnk
2025-06-13 01:13:31,776 [INFO] Shortcut created at C:\Users\brile\OneDrive\Desktop\Wet Plant Reports.lnk
2025-06-13 01:23:00,975 [INFO] Shortcut created at C:\Users\brile\OneDrive\Desktop\Wet Plant Reports.lnk
2025-06-13 01:30:57,814 [INFO] Configuration loaded
2025-06-13 01:30:57,967 [INFO] Help menu initialized
2025-06-13 01:30:57,967 [INFO] Reminder sound set: reminder.wav
2025-06-13 01:30:57,967 [INFO] Timers initialized
2025-06-13 01:30:57,967 [INFO] Theme applied (light)
2025-06-13 01:30:57,967 [INFO] Font size applied: 14
2025-06-13 01:30:57,967 [INFO] Application started
2025-06-13 01:30:58,144 [INFO] Shortcut created at C:\Users\brile\OneDrive\Desktop\Wet Plant Reports.lnk
2025-06-13 01:31:18,300 [INFO] Log file viewed via Admin menu
2025-06-13 01:31:30,020 [INFO] Font size applied: 14
2025-06-13 01:31:30,020 [INFO] User changed options: font_size=14, window_width=800, window_height=600
2025-06-13 01:31:36,080 [INFO] User opened hourly reports folder: C:/Users/brile/OneDrive/Documents\Wet Plant Reports\Hourly Reports
2025-06-13 01:31:57,661 [INFO] User refreshed report views
2025-06-13 01:31:57,973 [INFO] Date rollover checked
2025-06-13 01:32:00,952 [INFO] User refreshed report views
2025-06-13 01:32:05,743 [INFO] Shift report created: C:/Users/brile/OneDrive/Documents\Wet Plant Reports\Shift Reports\2025\June\WP Shift Report 06-13-2025.xlsx
2025-06-13 01:32:31,995 [INFO] Log file viewed via Admin menu
2025-06-13 01:34:28,555 [INFO] Configuration loaded
2025-06-13 01:34:28,731 [INFO] Help menu initialized
2025-06-13 01:34:28,732 [INFO] Reminder sound set: reminder.wav
2025-06-13 01:34:28,732 [INFO] Timers initialized
2025-06-13 01:34:28,736 [INFO] Theme applied (light)
2025-06-13 01:34:28,741 [INFO] Font size applied: 14
2025-06-13 01:34:28,742 [INFO] Application started
2025-06-13 01:35:07,764 [INFO] Configuration loaded
2025-06-13 01:35:07,920 [INFO] Help menu initialized
2025-06-13 01:35:07,920 [INFO] Reminder sound set: reminder.wav
2025-06-13 01:35:07,920 [INFO] Timers initialized
2025-06-13 01:35:07,925 [INFO] Theme applied (light)
2025-06-13 01:35:07,930 [INFO] Font size applied: 14
2025-06-13 01:35:07,930 [INFO] Application started
2025-06-13 01:35:24,212 [INFO] Configuration saved
2025-06-13 01:35:24,213 [INFO] Admin password set/changed.
2025-06-13 01:35:24,342 [INFO] Shortcut created at C:\Users\brile\OneDrive\Desktop\Wet Plant Reports.lnk
2025-06-13 01:35:43,360 [INFO] User opened hourly reports folder: C:/Users/brile/OneDrive/Documents\Wet Plant Reports\Hourly Reports
2025-06-13 01:35:51,585 [INFO] Configuration loaded
2025-06-13 01:35:51,585 [INFO] User started setup wizard
2025-06-13 01:36:29,070 [INFO] User browsed and selected reports folder: C:/Users/brile/OneDrive/Desktop
2025-06-13 01:36:30,673 [INFO] SetupWizard returning base_dir: C:/Users/brile/OneDrive/Desktop
2025-06-13 01:36:30,674 [INFO] User set new base_dir: C:/Users/brile/OneDrive/Desktop
2025-06-13 01:36:30,675 [INFO] Updated template paths after move
2025-06-13 01:36:30,677 [INFO] Configuration saved
2025-06-13 01:36:30,677 [INFO] User refreshed report views
2025-06-13 01:36:30,713 [INFO] Help menu initialized
2025-06-13 01:36:30,714 [INFO] Reminder sound set: reminder.wav
2025-06-13 01:36:30,714 [INFO] Timers initialized
2025-06-13 01:36:30,716 [INFO] Theme applied (light)
2025-06-13 01:36:30,717 [INFO] Font size applied: 16
2025-06-13 01:36:30,717 [INFO] Application started
2025-06-13 01:36:45,279 [INFO] Configuration saved
2025-06-13 01:36:45,279 [INFO] Admin password set/changed.
2025-06-13 01:36:45,327 [INFO] Shortcut created at C:\Users\brile\OneDrive\Desktop\Wet Plant Reports.lnk
2025-06-13 01:37:10,402 [INFO] User navigated up to: C:/Users/brile/OneDrive/Desktop/Wet Plant Reports/Hourly Reports/2025/June
2025-06-13 01:37:11,351 [INFO] User navigated up to: C:/Users/brile/OneDrive/Desktop/Wet Plant Reports/Hourly Reports/2025
2025-06-13 01:37:13,804 [INFO] User navigated up to: C:/Users/brile/OneDrive/Desktop/Wet Plant Reports/Hourly Reports
2025-06-13 01:37:20,866 [INFO] User navigated back to: C:/Users/brile/OneDrive/Desktop/Wet Plant Reports/Hourly Reports/2025
2025-06-13 01:37:24,276 [INFO] User refreshed report views
2025-06-13 01:37:30,714 [INFO] Date rollover checked
2025-06-13 01:37:53,416 [INFO] User uploaded hourly template: C:/Users/brile/OneDrive/Desktop\Wet Plant Reports\Templates\Hourly\WPH_Template_13-06-25.xlsx
2025-06-13 01:38:10,946 [INFO] User refreshed report views
2025-06-13 01:38:14,637 [INFO] Hourly report created: C:/Users/brile/OneDrive/Desktop\Wet Plant Reports\Hourly Reports\2025\June\13\WPH_Report_06-13-2025_0100.xlsx
2025-06-13 01:38:24,242 [INFO] User opened file from browser: C:/Users/brile/OneDrive/Desktop/Wet Plant Reports/Hourly Reports/2025/June/13/WPH_Report_06-13-2025_0100.xlsx
2025-06-13 01:38:40,093 [INFO] Configuration loaded
2025-06-13 01:38:40,242 [INFO] Help menu initialized
2025-06-13 01:38:40,242 [INFO] Reminder sound set: reminder.wav
2025-06-13 01:38:40,242 [INFO] Timers initialized
2025-06-13 01:38:40,242 [INFO] Theme applied (light)
2025-06-13 01:38:40,242 [INFO] Font size applied: 16
2025-06-13 01:38:40,242 [INFO] Application started
2025-06-13 01:38:40,422 [INFO] Shortcut created at C:\Users\brile\OneDrive\Desktop\Wet Plant Reports.lnk
2025-06-13 01:39:44,830 [INFO] Configuration loaded
2025-06-13 01:39:44,981 [INFO] Help menu initialized
2025-06-13 01:39:44,981 [INFO] Reminder sound set: reminder.wav
2025-06-13 01:39:44,981 [INFO] Timers initialized
2025-06-13 01:39:44,981 [INFO] Theme applied (light)
2025-06-13 01:39:44,981 [INFO] Font size applied: 16
2025-06-13 01:39:44,997 [INFO] Application started
2025-06-13 01:39:45,180 [INFO] Shortcut created at C:\Users\brile\OneDrive\Desktop\Wet Plant Reports.lnk
2025-06-13 01:39:49,855 [INFO] Font size applied: 16
2025-06-13 01:39:49,859 [INFO] Theme applied (dark)
2025-06-13 01:39:49,859 [INFO] User changed options: font_size=16, window_width=600, window_height=600, dark_mode=True
2025-06-13 01:40:18,942 [INFO] Font size applied: 16
2025-06-13 01:40:18,958 [INFO] Theme applied (light)
2025-06-13 01:40:18,979 [INFO] User changed options: font_size=16, window_width=600, window_height=600, dark_mode=False
2025-06-13 01:40:45,005 [INFO] Date rollover checked
2025-06-13 01:41:31,662 [INFO] Configuration loaded
2025-06-13 01:41:31,812 [INFO] Help menu initialized
2025-06-13 01:41:31,812 [INFO] Reminder sound set: reminder.wav
2025-06-13 01:41:31,812 [INFO] Timers initialized
2025-06-13 01:41:31,812 [INFO] Theme applied (light)
2025-06-13 01:41:31,812 [INFO] Font size applied: 16
2025-06-13 01:41:31,812 [INFO] Application started
2025-06-13 01:41:31,972 [INFO] Shortcut created at C:\Users\brile\OneDrive\Desktop\Wet Plant Reports.lnk
2025-06-13 01:41:48,947 [INFO] User opened support dialog
2025-06-13 01:41:54,501 [INFO] User opened support dialog
2025-06-13 01:43:39,385 [INFO] Configuration loaded
2025-06-13 01:43:39,540 [INFO] Help menu initialized
2025-06-13 01:43:39,540 [INFO] Reminder sound set: reminder.wav
2025-06-13 01:43:39,540 [INFO] Timers initialized
2025-06-13 01:43:39,540 [INFO] Theme applied (light)
2025-06-13 01:43:39,540 [INFO] Font size applied: 16
2025-06-13 01:43:39,540 [INFO] Application started
2025-06-13 01:43:39,709 [INFO] Shortcut created at C:\Users\brile\OneDrive\Desktop\Wet Plant Reports.lnk
2025-06-13 01:43:57,212 [INFO] Font size applied: 16
2025-06-13 01:43:57,243 [INFO] Theme applied (dark)
2025-06-13 01:43:57,243 [INFO] User changed options: font_size=16, window_width=600, window_height=600, dark_mode=True
2025-06-13 01:44:04,988 [INFO] Font size applied: 16
2025-06-13 01:44:04,999 [INFO] Theme applied (dark)
2025-06-13 01:44:05,008 [INFO] User changed options: font_size=16, window_width=600, window_height=600, dark_mode=True
2025-06-13 01:45:49,891 [INFO] Configuration loaded
2025-06-13 01:45:50,051 [INFO] Help menu initialized
2025-06-13 01:45:50,051 [INFO] Reminder sound set: reminder.wav
2025-06-13 01:45:50,051 [INFO] Timers initialized
2025-06-13 01:45:50,051 [INFO] Theme applied (dark)
2025-06-13 01:45:50,051 [INFO] Font size applied: 16
2025-06-13 01:45:50,051 [INFO] Application started
2025-06-13 01:45:50,243 [INFO] Shortcut created at C:\Users\brile\OneDrive\Desktop\Wet Plant Reports.lnk
2025-06-13 01:46:07,572 [INFO] Font size applied: 16
2025-06-13 01:46:07,610 [INFO] Theme applied (dark)
2025-06-13 01:46:07,620 [INFO] User changed options: font_size=16, window_width=800, window_height=600, dark_mode=True
2025-06-13 01:46:25,816 [INFO] Font size applied: 16
2025-06-13 01:46:25,835 [INFO] Theme applied (dark)
2025-06-13 01:46:25,840 [INFO] User changed options: font_size=16, window_width=1200, window_height=600, dark_mode=True
2025-06-13 01:46:35,527 [INFO] Font size applied: 16
2025-06-13 01:46:35,553 [INFO] Theme applied (light)
2025-06-13 01:46:35,554 [INFO] User changed options: font_size=16, window_width=1200, window_height=600, dark_mode=False
2025-06-13 01:46:40,104 [INFO] Configuration loaded
2025-06-13 01:46:40,250 [INFO] Help menu initialized
2025-06-13 01:46:40,250 [INFO] Reminder sound set: reminder.wav
2025-06-13 01:46:40,250 [INFO] Timers initialized
2025-06-13 01:46:40,266 [INFO] Theme applied (light)
2025-06-13 01:46:40,266 [INFO] Font size applied: 16
2025-06-13 01:46:40,266 [INFO] Application started
2025-06-13 01:46:40,436 [INFO] Shortcut created at C:\Users\brile\OneDrive\Desktop\Wet Plant Reports.lnk
2025-06-13 01:46:56,803 [INFO] Font size applied: 14
2025-06-13 01:46:56,846 [INFO] Theme applied (light)
2025-06-13 01:46:56,846 [INFO] User changed options: font_size=14, window_width=1200, window_height=600, dark_mode=False
2025-06-13 01:47:05,276 [INFO] Font size applied: 16
2025-06-13 01:47:05,294 [INFO] Theme applied (light)
2025-06-13 01:47:05,295 [INFO] User changed options: font_size=16, window_width=1200, window_height=600, dark_mode=False
2025-06-13 01:47:07,816 [INFO] User refreshed report views
2025-06-13 01:47:40,257 [INFO] Date rollover checked
2025-06-13 01:47:47,778 [INFO] User navigated up to: C:/Users/brile/OneDrive/Desktop/Wet Plant Reports/Hourly Reports/2025/June
2025-06-13 01:47:49,416 [INFO] User refreshed report views
2025-06-13 01:47:54,234 [INFO] User navigated up to: C:/Users/brile/OneDrive/Desktop/Wet Plant Reports/Hourly Reports/2025/June
2025-06-13 01:47:54,810 [INFO] User navigated back to: C:/Users/brile/OneDrive/Desktop/Wet Plant Reports/Hourly Reports/2025/June/13
2025-06-13 01:48:37,901 [INFO] Font size applied: 16
2025-06-13 01:48:37,923 [INFO] Theme applied (dark)
2025-06-13 01:48:37,923 [INFO] User changed options: font_size=16, window_width=1200, window_height=600, dark_mode=True
2025-06-13 01:48:40,253 [INFO] Date rollover checked
2025-06-13 01:49:03,710 [INFO] Hourly report created: C:/Users/brile/OneDrive/Desktop\Wet Plant Reports\Hourly Reports\2025\June\13\WPH_Report_06-13-2025_0200.xlsx
2025-06-13 01:49:40,251 [INFO] Date rollover checked
2025-06-13 01:51:46,534 [INFO] Configuration loaded
2025-06-13 01:51:46,687 [INFO] Help menu initialized
2025-06-13 01:51:46,687 [INFO] Reminder sound set: reminder.wav
2025-06-13 01:51:46,687 [INFO] Timers initialized
2025-06-13 01:51:46,687 [INFO] Theme applied (dark)
2025-06-13 01:51:46,687 [INFO] Font size applied: 16
2025-06-13 01:51:46,687 [INFO] Application started
2025-06-13 01:51:46,847 [INFO] Shortcut created at C:\Users\brile\OneDrive\Desktop\Wet Plant Reports.lnk
2025-06-13 01:52:19,568 [INFO] Hourly report created: C:/Users/brile/OneDrive/Desktop\Wet Plant Reports\Hourly Reports\2025\June\13\WPH_Report_06-13-2025_0300.xlsx
2025-06-13 01:52:35,822 [INFO] Font size applied: 16
2025-06-13 01:52:35,856 [INFO] Theme applied (light)
2025-06-13 01:52:35,856 [INFO] User changed options: font_size=16, window_width=1200, window_height=600, dark_mode=False
2025-06-13 01:52:40,492 [INFO] User navigated back to: C:/Users/brile/OneDrive/Desktop/Wet Plant Reports/Hourly Reports/2025/June
2025-06-13 01:52:42,116 [INFO] User navigated back to: C:/Users/brile/OneDrive/Desktop\Wet Plant Reports\Hourly Reports
2025-06-13 01:52:43,773 [INFO] User navigated up to: C:/Users/brile/OneDrive/Desktop/Wet Plant Reports
2025-06-13 01:52:46,694 [INFO] Date rollover checked
2025-06-13 01:52:46,723 [INFO] User navigated back to: C:/Users/brile/OneDrive/Desktop\Wet Plant Reports\Hourly Reports
2025-06-13 01:52:51,276 [INFO] User refreshed report views
2025-06-13 01:53:35,248 [INFO] User opened shift reports folder: C:/Users/brile/OneDrive/Desktop\Wet Plant Reports\Shift Reports
2025-06-13 01:53:46,691 [INFO] Date rollover checked
2025-06-13 01:54:02,591 [INFO] Font size applied: 16
2025-06-13 01:54:02,625 [INFO] Theme applied (light)
2025-06-13 01:54:02,625 [INFO] User changed options: font_size=16, window_width=1200, window_height=600, dark_mode=False
2025-06-13 01:54:10,342 [INFO] User started setup wizard
2025-06-13 01:54:28,126 [INFO] User browsed and selected reports folder: C:/Users/brile/OneDrive/Desktop/test loc 4
2025-06-13 01:54:29,440 [INFO] SetupWizard returning base_dir: C:/Users/brile/OneDrive/Desktop/test loc 4
2025-06-13 01:54:34,334 [INFO] User chose to move files from C:/Users/brile/OneDrive/Desktop to C:/Users/brile/OneDrive/Desktop/test loc 4
2025-06-13 01:54:34,334 [INFO] Copied reports and templates from C:/Users/brile/OneDrive/Desktop\Wet Plant Reports to C:/Users/brile/OneDrive/Desktop/test loc 4\Wet Plant Reports
2025-06-13 01:54:34,334 [INFO] User set new base_dir: C:/Users/brile/OneDrive/Desktop/test loc 4
2025-06-13 01:54:34,349 [INFO] Updated template paths after move
2025-06-13 01:54:34,351 [INFO] Configuration saved
2025-06-13 01:54:34,355 [INFO] User refreshed report views
2025-06-13 01:54:46,693 [INFO] Date rollover checked
2025-06-13 01:54:57,892 [INFO] User opened support dialog
2025-06-13 01:55:00,701 [INFO] Font size applied: 16
2025-06-13 01:55:00,726 [INFO] Theme applied (light)
2025-06-13 01:55:00,726 [INFO] User changed options: font_size=16, window_width=1200, window_height=600, dark_mode=False
2025-06-13 01:55:05,256 [INFO] Reminder settings dialog returned: enabled=True, minutes=5, audio=reminder.wav
2025-06-13 01:55:05,256 [INFO] Reminder sound set: reminder.wav
2025-06-13 01:55:05,256 [INFO] User updated reminder settings: enabled=True, minutes=5, audio=reminder.wav
2025-06-13 01:56:48,350 [INFO] Configuration loaded
2025-06-13 01:56:48,499 [INFO] Help menu initialized
2025-06-13 01:56:48,499 [INFO] Reminder sound set: reminder.wav
2025-06-13 01:56:48,499 [INFO] Timers initialized
2025-06-13 01:56:48,515 [INFO] Theme applied (light)
2025-06-13 01:56:48,515 [INFO] Font size applied: 16
2025-06-13 01:56:48,515 [INFO] Application started
2025-06-13 01:56:48,662 [INFO] Shortcut created at C:\Users\brile\OneDrive\Desktop\Wet Plant Reports.lnk
2025-06-13 01:58:29,242 [INFO] Configuration loaded
2025-06-13 01:58:29,420 [INFO] Help menu initialized
2025-06-13 01:58:29,421 [INFO] Reminder sound set: reminder.wav
2025-06-13 01:58:29,421 [INFO] Timers initialized
2025-06-13 01:58:29,427 [INFO] Theme applied (light)
2025-06-13 01:58:29,427 [INFO] Font size applied: 16
2025-06-13 01:58:29,427 [INFO] Application started
2025-06-13 01:58:29,558 [INFO] Shortcut created at C:\Users\brile\OneDrive\Desktop\Wet Plant Reports.lnk
2025-06-13 01:59:54,979 [INFO] Configuration loaded
2025-06-13 01:59:55,152 [INFO] Help menu initialized
2025-06-13 01:59:55,153 [INFO] Reminder sound set: reminder.wav
2025-06-13 01:59:55,153 [INFO] Timers initialized
2025-06-13 01:59:55,159 [INFO] Theme applied (light)
2025-06-13 01:59:55,160 [INFO] Font size applied: 16
2025-06-13 01:59:55,160 [INFO] Application started
2025-06-13 01:59:55,288 [INFO] Shortcut created at C:\Users\brile\OneDrive\Desktop\Wet Plant Reports.lnk
2025-06-13 02:00:07,344 [INFO] User opened support dialog
2025-06-13 02:00:10,124 [INFO] User opened support dialog
2025-06-13 02:00:54,841 [INFO] Configuration loaded
2025-06-13 02:00:55,039 [INFO] Help menu initialized
2025-06-13 02:00:55,040 [INFO] Reminder sound set: reminder.wav
2025-06-13 02:00:55,041 [INFO] Timers initialized
2025-06-13 02:00:55,046 [INFO] Theme applied (light)
2025-06-13 02:00:55,046 [INFO] Font size applied: 16
2025-06-13 02:00:55,047 [INFO] Application started
2025-06-13 02:00:55,209 [INFO] Shortcut created at C:\Users\brile\OneDrive\Desktop\Wet Plant Reports.lnk
2025-06-13 02:01:51,299 [INFO] Configuration loaded
2025-06-13 02:01:51,457 [INFO] Help menu initialized
2025-06-13 02:01:51,457 [INFO] Reminder sound set: reminder.wav
2025-06-13 02:01:51,457 [INFO] Timers initialized
2025-06-13 02:01:51,457 [INFO] Theme applied (light)
2025-06-13 02:01:51,457 [INFO] Font size applied: 16
2025-06-13 02:01:51,457 [INFO] Application started
2025-06-13 02:01:51,636 [INFO] Shortcut created at C:\Users\brile\OneDrive\Desktop\Wet Plant Reports.lnk
2025-06-13 02:02:51,469 [INFO] Date rollover checked
2025-06-13 02:03:51,478 [INFO] Date rollover checked
2025-06-13 02:04:51,486 [INFO] Date rollover checked
2025-06-13 02:04:54,101 [INFO] Configuration loaded
2025-06-13 02:04:54,264 [INFO] Help menu initialized
2025-06-13 02:04:54,264 [INFO] Reminder sound set: reminder.wav
2025-06-13 02:04:54,264 [INFO] Timers initialized
2025-06-13 02:04:54,287 [INFO] Theme applied (light)
2025-06-13 02:04:54,287 [INFO] Font size applied: 16
2025-06-13 02:04:54,287 [INFO] Application started
2025-06-13 02:04:54,434 [INFO] Shortcut created at C:\Users\brile\OneDrive\Desktop\Wet Plant Reports.lnk
2025-06-13 02:05:54,271 [INFO] Date rollover checked
2025-06-13 02:07:08,026 [INFO] Configuration loaded
2025-06-13 02:07:08,191 [INFO] Help menu initialized
2025-06-13 02:07:08,191 [INFO] Reminder sound set: reminder.wav
2025-06-13 02:07:08,191 [INFO] Timers initialized
2025-06-13 02:07:08,212 [INFO] Theme applied (light)
2025-06-13 02:07:08,213 [INFO] Font size applied: 16
2025-06-13 02:07:08,214 [INFO] Application started
2025-06-13 02:07:08,369 [INFO] Shortcut created at C:\Users\brile\OneDrive\Desktop\Wet Plant Reports.lnk
2025-06-13 02:08:08,207 [INFO] Date rollover checked
2025-06-13 02:09:08,199 [INFO] Date rollover checked
2025-06-13 02:11:30,278 [INFO] Configuration loaded
2025-06-13 02:12:19,623 [INFO] Configuration loaded
2025-06-13 02:12:19,871 [INFO] Help menu initialized
2025-06-13 02:12:19,871 [INFO] Reminder sound set: reminder.wav
2025-06-13 02:12:19,871 [INFO] Timers initialized
2025-06-13 02:12:19,871 [INFO] Theme applied (light)
2025-06-13 02:12:19,871 [INFO] Font size applied: 16
2025-06-13 02:12:19,871 [INFO] Application started
2025-06-13 02:12:20,037 [INFO] Shortcut created at C:\Users\brile\OneDrive\Desktop\Wet Plant Reports.lnk
2025-06-13 02:14:01,069 [INFO] Configuration loaded
2025-06-13 02:14:01,327 [INFO] Help menu initialized
2025-06-13 02:14:01,327 [INFO] Reminder sound set: reminder.wav
2025-06-13 02:14:01,329 [INFO] Timers initialized
2025-06-13 02:14:01,342 [INFO] Theme applied (light)
2025-06-13 02:14:01,343 [INFO] Font size applied: 16
2025-06-13 02:14:01,344 [INFO] Application started
2025-06-13 02:14:01,494 [INFO] Shortcut created at C:\Users\brile\OneDrive\Desktop\Wet Plant Reports.lnk
2025-06-13 02:15:01,321 [INFO] Date rollover checked
2025-06-13 02:16:01,331 [INFO] Date rollover checked
2025-06-13 02:17:01,332 [INFO] Date rollover checked
2025-06-13 02:18:01,329 [INFO] Date rollover checked
2025-06-13 02:37:54,953 [INFO] Configuration loaded
2025-06-13 02:37:55,198 [INFO] Help menu initialized
2025-06-13 02:37:55,198 [INFO] Reminder sound set: reminder.wav
2025-06-13 02:37:55,198 [INFO] Timers initialized
2025-06-13 02:37:55,223 [INFO] Theme applied (light)
2025-06-13 02:37:55,223 [INFO] Font size applied: 16
2025-06-13 02:37:55,223 [INFO] Application started
2025-06-13 02:37:55,402 [INFO] Shortcut created at C:\Users\brile\OneDrive\Desktop\Wet Plant Reports.lnk
2025-06-13 06:49:09,331 [INFO] Configuration loaded
2025-06-13 06:49:09,846 [INFO] Help menu initialized
2025-06-13 06:49:09,847 [INFO] Reminder sound set: reminder.wav
2025-06-13 06:49:09,848 [INFO] Timers initialized
2025-06-13 06:49:09,864 [INFO] Theme applied (light)
2025-06-13 06:49:09,865 [INFO] Font size applied: 16
2025-06-13 06:49:09,865 [INFO] Application started
2025-06-13 06:49:10,037 [INFO] Shortcut created at C:\Users\brile\OneDrive\Desktop\Wet Plant Reports.lnk
2025-06-13 06:49:50,773 [INFO] Log file viewed via Admin menu
2025-06-13 06:49:59,701 [INFO] Hourly report created: C:/Users/brile/OneDrive/Desktop/test loc 4\Wet Plant Reports\Hourly Reports\2025\June\13\WPH_Report_06-13-2025_0600.xlsx
2025-06-13 06:50:04,623 [INFO] User navigated up to: C:/Users/brile/OneDrive/Desktop/test loc 4/Wet Plant Reports/Hourly Reports/2025/June
2025-06-13 06:50:06,826 [INFO] User navigated up to: C:/Users/brile/OneDrive/Desktop/test loc 4/Wet Plant Reports/Hourly Reports/2025/June
2025-06-13 06:50:07,340 [INFO] User navigated back to: C:/Users/brile/OneDrive/Desktop/test loc 4/Wet Plant Reports/Hourly Reports/2025/June/13
2025-06-13 06:50:08,310 [INFO] User navigated back to: C:/Users/brile/OneDrive/Desktop/test loc 4/Wet Plant Reports/Hourly Reports/2025/June/13
2025-06-13 06:50:08,890 [INFO] User navigated up to: C:/Users/brile/OneDrive/Desktop/test loc 4/Wet Plant Reports/Hourly Reports/2025
2025-06-13 06:50:09,854 [INFO] Date rollover checked
2025-06-13 06:50:10,664 [INFO] User navigated up to: C:/Users/brile/OneDrive/Desktop/test loc 4/Wet Plant Reports/Hourly Reports
2025-06-13 06:50:11,731 [INFO] User navigated up to: C:/Users/brile/OneDrive/Desktop/test loc 4/Wet Plant Reports
2025-06-13 06:50:19,134 [INFO] User navigated up to: C:/Users/brile/OneDrive/Desktop/test loc 4/Wet Plant Reports/Templates
2025-06-13 06:50:20,962 [INFO] User navigated up to: C:/Users/brile/OneDrive/Desktop/test loc 4/Wet Plant Reports/Templates
2025-06-13 06:51:09,860 [INFO] Date rollover checked
2025-06-13 06:52:09,867 [INFO] Date rollover checked
2025-06-13 06:53:09,864 [INFO] Date rollover checked
2025-06-13 06:53:22,175 [INFO] User opened support dialog
2025-06-13 06:54:09,869 [INFO] Date rollover checked
2025-06-13 06:55:09,876 [INFO] Date rollover checked
2025-06-13 06:55:09,876 [INFO] Reminder triggered for hour 07:00
2025-06-13 06:56:09,881 [INFO] Date rollover checked
2025-06-13 06:57:47,500 [INFO] Date rollover checked
2025-06-13 06:58:47,505 [INFO] Date rollover checked
2025-06-13 06:59:47,506 [INFO] Date rollover checked
2025-06-13 07:00:47,497 [INFO] Date rollover checked
2025-06-13 07:01:47,517 [INFO] Date rollover checked
2025-06-13 07:02:47,519 [INFO] Date rollover checked
2025-06-13 07:03:47,525 [INFO] Date rollover checked
2025-06-13 07:04:47,524 [INFO] Date rollover checked
2025-06-13 07:05:47,515 [INFO] Date rollover checked
2025-06-13 07:06:47,531 [INFO] Date rollover checked
2025-06-13 07:07:47,547 [INFO] Date rollover checked
2025-06-13 10:08:23,515 [INFO] Date rollover checked
2025-06-13 19:25:29,525 [INFO] Date rollover checked
2025-06-13 19:26:23,101 [INFO] Reminder settings dialog returned: enabled=True, minutes=5, audio=reminder.wav
2025-06-13 19:26:23,102 [INFO] Reminder sound set: reminder.wav
2025-06-13 19:26:23,103 [INFO] User updated reminder settings: enabled=True, minutes=5, audio=reminder.wav
2025-06-13 19:26:29,535 [INFO] Date rollover checked
2025-06-13 19:27:29,542 [INFO] Date rollover checked
2025-06-13 19:28:29,563 [INFO] Date rollover checked
2025-06-13 19:29:29,564 [INFO] Date rollover checked
2025-06-13 19:29:53,364 [INFO] Reminder settings dialog returned: enabled=True, minutes=30, audio=reminder.wav
2025-06-13 19:29:53,366 [INFO] Reminder sound set: reminder.wav
2025-06-13 19:29:53,366 [INFO] User updated reminder settings: enabled=True, minutes=30, audio=reminder.wav
2025-06-13 19:30:28,018 [INFO] Configuration loaded
2025-06-13 19:30:28,526 [INFO] Help menu initialized
2025-06-13 19:30:28,527 [INFO] Reminder sound set: reminder.wav
2025-06-13 19:30:28,527 [INFO] Timers initialized
2025-06-13 19:30:28,540 [INFO] Theme applied (light)
2025-06-13 19:30:28,542 [INFO] Font size applied: 16
2025-06-13 19:30:28,543 [INFO] Application started
2025-06-13 19:30:28,695 [INFO] Shortcut created at C:\Users\brile\OneDrive\Desktop\Wet Plant Reports.lnk
2025-06-13 19:30:43,226 [INFO] User opened support dialog
2025-06-13 19:31:28,530 [INFO] Date rollover checked
2025-06-13 19:32:09,615 [INFO] User opened support dialog
2025-06-13 19:32:23,386 [INFO] Font size applied: 16
2025-06-13 19:32:23,439 [INFO] Theme applied (dark)
2025-06-13 19:32:23,439 [INFO] User changed options: font_size=16, window_width=1200, window_height=600, dark_mode=True
2025-06-13 19:32:28,537 [INFO] Date rollover checked
2025-06-13 19:32:33,322 [INFO] User navigated back to: C:/Users/brile/OneDrive/Desktop/test loc 4/Wet Plant Reports/Hourly Reports/2025/June
2025-06-13 19:32:34,627 [INFO] User navigated back to: C:/Users/brile/OneDrive/Desktop/test loc 4\Wet Plant Reports\Hourly Reports
2025-06-13 19:32:35,481 [INFO] User navigated up to: C:/Users/brile/OneDrive/Desktop/test loc 4/Wet Plant Reports
2025-06-13 19:32:38,652 [INFO] User refreshed report views
2025-06-13 19:32:42,049 [INFO] Hourly report created: C:/Users/brile/OneDrive/Desktop/test loc 4\Wet Plant Reports\Hourly Reports\2025\June\13\WPH_Report_06-13-2025_1900.xlsx
2025-06-13 19:32:44,560 [INFO] User opened hourly report: C:/Users/brile/OneDrive/Desktop/test loc 4\Wet Plant Reports\Hourly Reports\2025\June\13\WPH_Report_06-13-2025_1900.xlsx
2025-06-13 19:32:51,633 [INFO] User navigated back to: C:/Users/brile/OneDrive/Desktop/test loc 4/Wet Plant Reports/Hourly Reports/2025/June
2025-06-13 19:33:24,630 [INFO] Font size applied: 16
2025-06-13 19:33:24,689 [INFO] Theme applied (dark)
2025-06-13 19:33:24,701 [INFO] User changed options: font_size=16, window_width=800, window_height=600, dark_mode=True
2025-06-13 19:33:28,525 [INFO] Date rollover checked
2025-06-13 19:33:38,727 [INFO] Font size applied: 40
2025-06-13 19:33:38,790 [INFO] Theme applied (dark)
2025-06-13 19:33:38,790 [INFO] User changed options: font_size=40, window_width=800, window_height=600, dark_mode=True
2025-06-13 19:33:58,891 [INFO] Font size applied: 28
2025-06-13 19:33:58,929 [INFO] Theme applied (dark)
2025-06-13 19:33:58,933 [INFO] User changed options: font_size=28, window_width=800, window_height=600, dark_mode=True
2025-06-13 19:34:18,940 [INFO] User navigated up to: C:/Users/brile/OneDrive/Desktop/test loc 4/Wet Plant Reports/Hourly Reports/2025/June
2025-06-13 19:34:22,543 [INFO] User navigated up to: C:/Users/brile/OneDrive/Desktop/test loc 4/Wet Plant Reports/Hourly Reports/2025/June
2025-06-13 19:34:23,025 [INFO] User navigated up to: C:/Users/brile/OneDrive/Desktop/test loc 4/Wet Plant Reports/Hourly Reports/2025
2025-06-13 19:34:28,447 [INFO] Font size applied: 20
2025-06-13 19:34:28,483 [INFO] Theme applied (dark)
2025-06-13 19:34:28,486 [INFO] User changed options: font_size=20, window_width=800, window_height=600, dark_mode=True
2025-06-13 19:34:28,525 [INFO] Date rollover checked
2025-06-13 19:34:44,510 [INFO] Font size applied: 20
2025-06-13 19:34:44,538 [INFO] Theme applied (light)
2025-06-13 19:34:44,542 [INFO] User changed options: font_size=20, window_width=800, window_height=600, dark_mode=False
2025-06-13 19:35:05,359 [INFO] Font size applied: 16
2025-06-13 19:35:05,393 [INFO] Theme applied (light)
2025-06-13 19:35:05,396 [INFO] User changed options: font_size=16, window_width=800, window_height=600, dark_mode=False
2025-06-13 19:35:19,975 [INFO] User refreshed report views
2025-06-13 19:35:28,540 [INFO] Date rollover checked
2025-06-13 19:35:58,249 [INFO] User refreshed report views
2025-06-13 19:36:07,808 [INFO] User navigated up to: C:/Users/brile/OneDrive/Desktop/test loc 4/Wet Plant Reports/Shift Reports/2025
2025-06-13 19:36:10,265 [INFO] User navigated back to: C:/Users/brile/OneDrive/Desktop/test loc 4/Wet Plant Reports/Shift Reports/2025
2025-06-13 19:36:11,019 [INFO] User navigated up to: C:/Users/brile/OneDrive/Desktop/test loc 4/Wet Plant Reports/Shift Reports/2025
2025-06-13 19:36:12,971 [INFO] User navigated up to: C:/Users/brile/OneDrive/Desktop/test loc 4/Wet Plant Reports/Shift Reports/2025
2025-06-13 19:36:19,430 [INFO] Font size applied: 28
2025-06-13 19:36:19,465 [INFO] Theme applied (light)
2025-06-13 19:36:19,465 [INFO] User changed options: font_size=28, window_width=800, window_height=600, dark_mode=False
2025-06-13 19:36:28,545 [INFO] Date rollover checked
2025-06-13 19:36:28,816 [INFO] Font size applied: 14
2025-06-13 19:36:28,852 [INFO] Theme applied (light)
2025-06-13 19:36:28,853 [INFO] User changed options: font_size=14, window_width=800, window_height=600, dark_mode=False
2025-06-13 19:36:37,226 [INFO] Font size applied: 20
2025-06-13 19:36:37,259 [INFO] Theme applied (light)
2025-06-13 19:36:37,259 [INFO] User changed options: font_size=20, window_width=800, window_height=600, dark_mode=False
2025-06-13 19:39:23,773 [INFO] Configuration loaded
2025-06-13 19:39:24,043 [INFO] Help menu initialized
2025-06-13 19:39:24,047 [INFO] Reminder sound set: reminder.wav
2025-06-13 19:39:24,047 [INFO] Timers initialized
2025-06-13 19:39:24,069 [INFO] Theme applied (light)
2025-06-13 19:39:24,070 [INFO] Font size applied: 20
2025-06-13 19:39:24,070 [INFO] Application started
2025-06-13 19:39:24,226 [INFO] Shortcut created at C:\Users\brile\OneDrive\Desktop\Wet Plant Reports.lnk
2025-06-13 19:39:58,083 [INFO] User opened support dialog
2025-06-13 19:40:16,289 [INFO] Font size applied: 20
2025-06-13 19:40:16,334 [INFO] Theme applied (light)
2025-06-13 19:40:16,341 [INFO] User changed options: font_size=20, window_width=800, window_height=600, dark_mode=False
2025-06-13 19:40:20,532 [INFO] User opened support dialog
2025-06-13 19:40:24,052 [INFO] Date rollover checked
2025-06-13 19:41:24,050 [INFO] Date rollover checked
2025-06-13 19:42:24,046 [INFO] Date rollover checked
2025-06-13 19:43:24,054 [INFO] Date rollover checked
2025-06-13 19:44:46,817 [INFO] Configuration loaded
2025-06-13 19:44:47,361 [INFO] Help menu initialized
2025-06-13 19:44:47,364 [INFO] Reminder sound set: reminder.wav
2025-06-13 19:44:47,365 [INFO] Timers initialized
2025-06-13 19:44:47,383 [INFO] Theme applied (light)
2025-06-13 19:44:47,384 [INFO] Font size applied: 20
2025-06-13 19:44:47,384 [INFO] Application started
2025-06-13 19:44:47,581 [INFO] Shortcut created at C:\Users\brile\OneDrive\Desktop\Wet Plant Reports.lnk
2025-06-13 19:45:03,703 [INFO] User opened support dialog
2025-06-13 19:45:08,789 [INFO] Font size applied: 14
2025-06-13 19:45:08,837 [INFO] Theme applied (light)
2025-06-13 19:45:08,837 [INFO] User changed options: font_size=14, window_width=800, window_height=600, dark_mode=False
2025-06-13 19:45:21,260 [INFO] Font size applied: 14
2025-06-13 19:45:21,287 [INFO] Theme applied (light)
2025-06-13 19:45:21,288 [INFO] User changed options: font_size=14, window_width=800, window_height=600, dark_mode=False
2025-06-13 19:45:30,946 [INFO] Configuration loaded
2025-06-13 19:45:31,206 [INFO] Help menu initialized
2025-06-13 19:45:31,211 [INFO] Reminder sound set: reminder.wav
2025-06-13 19:45:31,213 [INFO] Timers initialized
2025-06-13 19:45:31,235 [INFO] Theme applied (light)
2025-06-13 19:45:31,236 [INFO] Font size applied: 14
2025-06-13 19:45:31,237 [INFO] Application started
2025-06-13 19:45:31,435 [INFO] Shortcut created at C:\Users\brile\OneDrive\Desktop\Wet Plant Reports.lnk
2025-06-13 19:45:40,742 [INFO] Font size applied: 16
2025-06-13 19:45:40,787 [INFO] Theme applied (light)
2025-06-13 19:45:40,787 [INFO] User changed options: font_size=16, window_width=800, window_height=600, dark_mode=False
2025-06-13 19:45:47,942 [INFO] Font size applied: 20
2025-06-13 19:45:47,977 [INFO] Theme applied (light)
2025-06-13 19:45:47,977 [INFO] User changed options: font_size=20, window_width=800, window_height=600, dark_mode=False
2025-06-13 19:45:49,736 [INFO] User refreshed report views
2025-06-13 19:45:53,489 [INFO] Configuration loaded
2025-06-13 19:45:53,751 [INFO] Help menu initialized
2025-06-13 19:45:53,755 [INFO] Reminder sound set: reminder.wav
2025-06-13 19:45:53,755 [INFO] Timers initialized
2025-06-13 19:45:53,774 [INFO] Theme applied (light)
2025-06-13 19:45:53,775 [INFO] Font size applied: 20
2025-06-13 19:45:53,775 [INFO] Application started
2025-06-13 19:45:53,925 [INFO] Shortcut created at C:\Users\brile\OneDrive\Desktop\Wet Plant Reports.lnk
2025-06-13 19:47:53,509 [INFO] Configuration loaded
2025-06-13 19:47:53,774 [INFO] Help menu initialized
2025-06-13 19:47:53,777 [INFO] Reminder sound set: reminder.wav
2025-06-13 19:47:53,778 [INFO] Timers initialized
2025-06-13 19:47:53,800 [INFO] Theme applied (light)
2025-06-13 19:47:53,801 [INFO] Font size applied: 20
2025-06-13 19:47:53,802 [INFO] Application started
2025-06-13 19:47:53,972 [INFO] Shortcut created at C:\Users\brile\OneDrive\Desktop\Wet Plant Reports.lnk
2025-06-13 19:48:00,171 [INFO] Font size applied: 14
2025-06-13 19:48:00,218 [INFO] Theme applied (light)
2025-06-13 19:48:00,218 [INFO] User changed options: font_size=14, window_width=800, window_height=600, dark_mode=False
2025-06-13 19:48:05,254 [INFO] Font size applied: 25
2025-06-13 19:48:05,294 [INFO] Theme applied (light)
2025-06-13 19:48:05,295 [INFO] User changed options: font_size=25, window_width=800, window_height=600, dark_mode=False
2025-06-13 19:48:09,931 [INFO] Font size applied: 16
2025-06-13 19:48:09,965 [INFO] Theme applied (light)
2025-06-13 19:48:09,965 [INFO] User changed options: font_size=16, window_width=800, window_height=600, dark_mode=False
2025-06-13 19:48:16,816 [INFO] Font size applied: 14
2025-06-13 19:48:16,843 [INFO] Theme applied (light)
2025-06-13 19:48:16,843 [INFO] User changed options: font_size=14, window_width=800, window_height=600, dark_mode=False
2025-06-13 19:48:42,836 [INFO] Log file viewed via Admin menu
2025-06-13 19:48:45,051 [INFO] User navigated up to: C:/Users/brile/OneDrive/Desktop/test loc 4/Wet Plant Reports
2025-06-13 19:48:46,918 [INFO] User navigated up to: C:/Users/brile/OneDrive/Desktop/test loc 4
2025-06-13 19:48:53,758 [INFO] Date rollover checked
2025-06-13 19:48:56,135 [INFO] User navigated up to: C:/Users/brile/OneDrive/Desktop/test loc 4/Wet Plant Reports/Hourly Reports
2025-06-13 19:51:06,967 [INFO] Configuration loaded
2025-06-13 19:51:07,236 [INFO] Help menu initialized
2025-06-13 19:51:07,239 [INFO] Reminder sound set: reminder.wav
2025-06-13 19:51:07,239 [INFO] Timers initialized
2025-06-13 19:51:07,256 [INFO] Theme applied (light)
2025-06-13 19:51:07,257 [INFO] Font size applied: 14
2025-06-13 19:51:07,257 [INFO] Application started
2025-06-13 19:51:07,407 [INFO] Shortcut created at C:\Users\brile\OneDrive\Desktop\Wet Plant Reports.lnk
2025-06-13 19:51:32,771 [INFO] Configuration loaded
2025-06-13 19:51:33,028 [INFO] Help menu initialized
2025-06-13 19:51:33,032 [INFO] Reminder sound set: reminder.wav
2025-06-13 19:51:33,032 [INFO] Timers initialized
2025-06-13 19:51:33,053 [INFO] Theme applied (light)
2025-06-13 19:51:33,054 [INFO] Font size applied: 14
2025-06-13 19:51:33,055 [INFO] Application started
2025-06-13 19:51:33,204 [INFO] Shortcut created at C:\Users\brile\OneDrive\Desktop\Wet Plant Reports.lnk
2025-06-13 19:52:33,034 [INFO] Date rollover checked
2025-06-13 19:52:42,351 [INFO] Shift report created: C:/Users/brile/OneDrive/Desktop/test loc 4\Wet Plant Reports\Shift Reports\2025\June\WP Shift Report 06-13-2025.xlsx
2025-06-13 19:55:56,521 [INFO] Configuration loaded
2025-06-13 19:55:56,783 [INFO] Help menu initialized
2025-06-13 19:55:56,787 [INFO] Reminder sound set: reminder.wav
2025-06-13 19:55:56,787 [INFO] Timers initialized
2025-06-13 19:55:56,807 [INFO] Theme applied (light)
2025-06-13 19:55:56,807 [INFO] Font size applied: 14
2025-06-13 19:55:56,808 [INFO] Application started
2025-06-13 19:55:56,955 [INFO] Shortcut created at C:\Users\brile\OneDrive\Desktop\Wet Plant Reports.lnk
2025-06-13 19:56:56,788 [INFO] Date rollover checked
2025-06-13 19:57:56,789 [INFO] Date rollover checked
2025-06-13 19:58:56,779 [INFO] Date rollover checked
2025-06-13 19:59:36,394 [INFO] Configuration loaded
2025-06-13 19:59:36,683 [INFO] Help menu initialized
2025-06-13 19:59:36,683 [INFO] Reminder sound set: reminder.wav
2025-06-13 19:59:36,683 [INFO] Timers initialized
2025-06-13 19:59:36,707 [INFO] Theme applied (light)
2025-06-13 19:59:36,707 [INFO] Font size applied: 14
2025-06-13 19:59:36,713 [INFO] Application started
2025-06-13 19:59:36,875 [INFO] Shortcut created at C:\Users\brile\OneDrive\Desktop\Wet Plant Reports.lnk
2025-06-13 20:00:36,681 [INFO] Date rollover checked
2025-06-13 20:01:36,671 [INFO] Date rollover checked
2025-06-13 20:02:00,557 [INFO] Configuration loaded
2025-06-13 20:02:00,831 [INFO] Help menu initialized
2025-06-13 20:02:00,834 [INFO] Reminder sound set: reminder.wav
2025-06-13 20:02:00,835 [INFO] Timers initialized
2025-06-13 20:02:00,856 [INFO] Theme applied (light)
2025-06-13 20:02:00,857 [INFO] Font size applied: 14
2025-06-13 20:02:00,857 [INFO] Application started
2025-06-13 20:02:01,026 [INFO] Shortcut created at C:\Users\brile\OneDrive\Desktop\Wet Plant Reports.lnk
2025-06-13 20:02:36,453 [INFO] User navigated up to: C:/Users/brile/OneDrive/Desktop/test loc 4/Wet Plant Reports/Hourly Reports/2025/June
2025-06-13 20:05:44,898 [INFO] Configuration loaded
2025-06-13 20:05:45,160 [INFO] Help menu initialized
2025-06-13 20:05:45,168 [INFO] Reminder sound set: reminder.wav
2025-06-13 20:05:45,168 [INFO] Timers initialized
2025-06-13 20:05:45,190 [INFO] Theme applied (light)
2025-06-13 20:05:45,191 [INFO] Font size applied: 14
2025-06-13 20:05:45,191 [INFO] Application started
2025-06-13 20:05:45,366 [INFO] Shortcut created at C:\Users\brile\OneDrive\Desktop\Wet Plant Reports.lnk
2025-06-13 20:09:28,171 [INFO] Configuration loaded
2025-06-13 20:09:28,426 [INFO] Help menu initialized
2025-06-13 20:09:28,442 [INFO] Reminder sound set: reminder.wav
2025-06-13 20:09:28,442 [INFO] Timers initialized
2025-06-13 20:09:28,461 [INFO] Theme applied (light)
2025-06-13 20:09:28,462 [INFO] Font size applied: 14
2025-06-13 20:09:28,462 [INFO] Application started
2025-06-13 20:09:28,625 [INFO] Shortcut created at C:\Users\brile\OneDrive\Desktop\Wet Plant Reports.lnk
